<?xml version="1.0" encoding="UTF-8" ?>
<testsuite tests="147" failures="0" name="com.github.underscore.lodash.StringTest" time="0.283" errors="0" skipped="0">
  <properties>
    <property name="java.runtime.name" value="Java(TM) SE Runtime Environment"/>
    <property name="sun.boot.library.path" value="/Library/Java/JavaVirtualMachines/jdk1.8.0_121.jdk/Contents/Home/jre/lib"/>
    <property name="java.vm.version" value="25.121-b13"/>
    <property name="gopherProxySet" value="false"/>
    <property name="java.vm.vendor" value="Oracle Corporation"/>
    <property name="maven.multiModuleProjectDirectory" value="/Users/carlosortiz/Desktop/Fall18/CS4367Project/pitest/underscore-java"/>
    <property name="java.vendor.url" value="http://java.oracle.com/"/>
    <property name="path.separator" value=":"/>
    <property name="guice.disable.misplaced.annotation.check" value="true"/>
    <property name="java.vm.name" value="Java HotSpot(TM) 64-Bit Server VM"/>
    <property name="file.encoding.pkg" value="sun.io"/>
    <property name="user.country" value="US"/>
    <property name="sun.java.launcher" value="SUN_STANDARD"/>
    <property name="sun.os.patch.level" value="unknown"/>
    <property name="java.vm.specification.name" value="Java Virtual Machine Specification"/>
    <property name="user.dir" value="/Users/carlosortiz/Desktop/Fall18/CS4367Project/pitest/underscore-java"/>
    <property name="java.runtime.version" value="1.8.0_121-b13"/>
    <property name="java.awt.graphicsenv" value="sun.awt.CGraphicsEnvironment"/>
    <property name="java.endorsed.dirs" value="/Library/Java/JavaVirtualMachines/jdk1.8.0_121.jdk/Contents/Home/jre/lib/endorsed"/>
    <property name="os.arch" value="x86_64"/>
    <property name="java.io.tmpdir" value="/var/folders/0q/mw5p3tc92g73_nyw6l8f2sdm0000gn/T/"/>
    <property name="line.separator" value="
"/>
    <property name="java.vm.specification.vendor" value="Oracle Corporation"/>
    <property name="os.name" value="Mac OS X"/>
    <property name="classworlds.conf" value="/Users/carlosortiz/apache-maven-3.5.4/bin/m2.conf"/>
    <property name="sun.jnu.encoding" value="UTF-8"/>
    <property name="java.library.path" value="/Users/carlosortiz/Library/Java/Extensions:/Library/Java/Extensions:/Network/Library/Java/Extensions:/System/Library/Java/Extensions:/usr/lib/java:."/>
    <property name="maven.conf" value="/Users/carlosortiz/apache-maven-3.5.4/conf"/>
    <property name="java.specification.name" value="Java Platform API Specification"/>
    <property name="java.class.version" value="52.0"/>
    <property name="sun.management.compiler" value="HotSpot 64-Bit Tiered Compilers"/>
    <property name="os.version" value="10.11.6"/>
    <property name="library.jansi.path" value="/Users/carlosortiz/apache-maven-3.5.4/lib/jansi-native"/>
    <property name="http.nonProxyHosts" value="local|*.local|169.254/16|*.169.254/16"/>
    <property name="user.home" value="/Users/carlosortiz"/>
    <property name="user.timezone" value="America/Chicago"/>
    <property name="java.awt.printerjob" value="sun.lwawt.macosx.CPrinterJob"/>
    <property name="java.specification.version" value="1.8"/>
    <property name="file.encoding" value="UTF-8"/>
    <property name="user.name" value="carlosortiz"/>
    <property name="java.class.path" value="/Users/carlosortiz/apache-maven-3.5.4/boot/plexus-classworlds-2.5.2.jar"/>
    <property name="java.vm.specification.version" value="1.8"/>
    <property name="sun.arch.data.model" value="64"/>
    <property name="java.home" value="/Library/Java/JavaVirtualMachines/jdk1.8.0_121.jdk/Contents/Home/jre"/>
    <property name="sun.java.command" value="org.codehaus.plexus.classworlds.launcher.Launcher install"/>
    <property name="java.specification.vendor" value="Oracle Corporation"/>
    <property name="user.language" value="en"/>
    <property name="awt.toolkit" value="sun.lwawt.macosx.LWCToolkit"/>
    <property name="java.vm.info" value="mixed mode"/>
    <property name="java.version" value="1.8.0_121"/>
    <property name="java.ext.dirs" value="/Users/carlosortiz/Library/Java/Extensions:/Library/Java/JavaVirtualMachines/jdk1.8.0_121.jdk/Contents/Home/jre/lib/ext:/Library/Java/Extensions:/Network/Library/Java/Extensions:/System/Library/Java/Extensions:/usr/lib/java"/>
    <property name="sun.boot.class.path" value="/Library/Java/JavaVirtualMachines/jdk1.8.0_121.jdk/Contents/Home/jre/lib/resources.jar:/Library/Java/JavaVirtualMachines/jdk1.8.0_121.jdk/Contents/Home/jre/lib/rt.jar:/Library/Java/JavaVirtualMachines/jdk1.8.0_121.jdk/Contents/Home/jre/lib/sunrsasign.jar:/Library/Java/JavaVirtualMachines/jdk1.8.0_121.jdk/Contents/Home/jre/lib/jsse.jar:/Library/Java/JavaVirtualMachines/jdk1.8.0_121.jdk/Contents/Home/jre/lib/jce.jar:/Library/Java/JavaVirtualMachines/jdk1.8.0_121.jdk/Contents/Home/jre/lib/charsets.jar:/Library/Java/JavaVirtualMachines/jdk1.8.0_121.jdk/Contents/Home/jre/lib/jfr.jar:/Library/Java/JavaVirtualMachines/jdk1.8.0_121.jdk/Contents/Home/jre/classes"/>
    <property name="java.vendor" value="Oracle Corporation"/>
    <property name="maven.home" value="/Users/carlosortiz/apache-maven-3.5.4"/>
    <property name="file.separator" value="/"/>
    <property name="java.vendor.url.bug" value="http://bugreport.sun.com/bugreport/"/>
    <property name="sun.cpu.endian" value="little"/>
    <property name="sun.io.unicode.encoding" value="UnicodeBig"/>
    <property name="socksNonProxyHosts" value="local|*.local|169.254/16|*.169.254/16"/>
    <property name="ftp.nonProxyHosts" value="local|*.local|169.254/16|*.169.254/16"/>
    <property name="sun.cpu.isalist" value=""/>
  </properties>
  <testcase classname="com.github.underscore.lodash.StringTest" name="startCase" time="0.007"/>
  <testcase classname="com.github.underscore.lodash.StringTest" name="testXmlShortArrayToString" time="0.001"/>
  <testcase classname="com.github.underscore.lodash.StringTest" name="testXmlIntArrayToString" time="0"/>
  <testcase classname="com.github.underscore.lodash.StringTest" name="testDecodeMap2" time="0"/>
  <testcase classname="com.github.underscore.lodash.StringTest" name="testDecodeMap3" time="0"/>
  <testcase classname="com.github.underscore.lodash.StringTest" name="capitalize" time="0.004"/>
  <testcase classname="com.github.underscore.lodash.StringTest" name="upperFirst" time="0.001"/>
  <testcase classname="com.github.underscore.lodash.StringTest" name="testXmlCharArrayToString" time="0"/>
  <testcase classname="com.github.underscore.lodash.StringTest" name="toXmlFromJson10" time="0"/>
  <testcase classname="com.github.underscore.lodash.StringTest" name="toXmlFromJson11" time="0"/>
  <testcase classname="com.github.underscore.lodash.StringTest" name="toXmlFromJson12" time="0.001"/>
  <testcase classname="com.github.underscore.lodash.StringTest" name="toXmlFromJson13" time="0"/>
  <testcase classname="com.github.underscore.lodash.StringTest" name="toXmlFromJson14" time="0.001"/>
  <testcase classname="com.github.underscore.lodash.StringTest" name="toXmlFromJson15" time="0"/>
  <testcase classname="com.github.underscore.lodash.StringTest" name="toXmlFromJson16" time="0"/>
  <testcase classname="com.github.underscore.lodash.StringTest" name="toXmlFromJson17" time="0.001"/>
  <testcase classname="com.github.underscore.lodash.StringTest" name="toXmlFromJson18" time="0"/>
  <testcase classname="com.github.underscore.lodash.StringTest" name="toXmlFromJson19" time="0.002"/>
  <testcase classname="com.github.underscore.lodash.StringTest" name="toXmlFromJson20" time="0.001"/>
  <testcase classname="com.github.underscore.lodash.StringTest" name="toXmlFromJson21" time="0"/>
  <testcase classname="com.github.underscore.lodash.StringTest" name="toXmlFromJson22" time="0"/>
  <testcase classname="com.github.underscore.lodash.StringTest" name="toXmlFromJson23" time="0"/>
  <testcase classname="com.github.underscore.lodash.StringTest" name="toXmlFromJson24" time="0"/>
  <testcase classname="com.github.underscore.lodash.StringTest" name="toXmlFromJson25" time="0.003"/>
  <testcase classname="com.github.underscore.lodash.StringTest" name="toXmlFromJson26" time="0.005"/>
  <testcase classname="com.github.underscore.lodash.StringTest" name="toXmlFromJson27" time="0"/>
  <testcase classname="com.github.underscore.lodash.StringTest" name="startsWith" time="0"/>
  <testcase classname="com.github.underscore.lodash.StringTest" name="testDecodeParseXmlErr13" time="0.015"/>
  <testcase classname="com.github.underscore.lodash.StringTest" name="testDecodeParseXmlErr14" time="0.002"/>
  <testcase classname="com.github.underscore.lodash.StringTest" name="testJavaFloatArrayToString" time="0"/>
  <testcase classname="com.github.underscore.lodash.StringTest" name="testJsonJavaArrayCollection" time="0.011"/>
  <testcase classname="com.github.underscore.lodash.StringTest" name="testFloatArrayToString" time="0"/>
  <testcase classname="com.github.underscore.lodash.StringTest" name="deburr" time="0.001"/>
  <testcase classname="com.github.underscore.lodash.StringTest" name="escape" time="0"/>
  <testcase classname="com.github.underscore.lodash.StringTest" name="trimEnd" time="0"/>
  <testcase classname="com.github.underscore.lodash.StringTest" name="testXmlDecodeCyrillic" time="0"/>
  <testcase classname="com.github.underscore.lodash.StringTest" name="testIntArrayToString" time="0"/>
  <testcase classname="com.github.underscore.lodash.StringTest" name="padEnd" time="0.004"/>
  <testcase classname="com.github.underscore.lodash.StringTest" name="testXmlDoubleArrayToString" time="0.001"/>
  <testcase classname="com.github.underscore.lodash.StringTest" name="repeat" time="0"/>
  <testcase classname="com.github.underscore.lodash.StringTest" name="toXml2" time="0"/>
  <testcase classname="com.github.underscore.lodash.StringTest" name="testXmlFloatArrayToString" time="0.001"/>
  <testcase classname="com.github.underscore.lodash.StringTest" name="fromXml" time="0.011"/>
  <testcase classname="com.github.underscore.lodash.StringTest" name="kebabCase" time="0.004"/>
  <testcase classname="com.github.underscore.lodash.StringTest" name="testXmlObjectArrayToString" time="0"/>
  <testcase classname="com.github.underscore.lodash.StringTest" name="toXmlFromJson" time="0"/>
  <testcase classname="com.github.underscore.lodash.StringTest" name="toXmlFromList" time="0.001"/>
  <testcase classname="com.github.underscore.lodash.StringTest" name="trimStart" time="0"/>
  <testcase classname="com.github.underscore.lodash.StringTest" name="testJavaDoubleArrayToString" time="0.001"/>
  <testcase classname="com.github.underscore.lodash.StringTest" name="testJsonArray" time="0.003"/>
  <testcase classname="com.github.underscore.lodash.StringTest" name="camelCase" time="0.004"/>
  <testcase classname="com.github.underscore.lodash.StringTest" name="testJsonArrayCollection" time="0.01"/>
  <testcase classname="com.github.underscore.lodash.StringTest" name="toXmlAndFromXmlFromMap" time="0.002"/>
  <testcase classname="com.github.underscore.lodash.StringTest" name="testDoubleArrayToString" time="0"/>
  <testcase classname="com.github.underscore.lodash.StringTest" name="escapeJava" time="0"/>
  <testcase classname="com.github.underscore.lodash.StringTest" name="testJavaBooleanArrayToString" time="0"/>
  <testcase classname="com.github.underscore.lodash.StringTest" name="pad" time="0.001"/>
  <testcase classname="com.github.underscore.lodash.StringTest" name="main" time="0"/>
  <testcase classname="com.github.underscore.lodash.StringTest" name="trim" time="0.001"/>
  <testcase classname="com.github.underscore.lodash.StringTest" name="testJavaObjectArrayToString" time="0"/>
  <testcase classname="com.github.underscore.lodash.StringTest" name="snakeCase" time="0.003"/>
  <testcase classname="com.github.underscore.lodash.StringTest" name="chain" time="0.059"/>
  <testcase classname="com.github.underscore.lodash.StringTest" name="toXml" time="0.001"/>
  <testcase classname="com.github.underscore.lodash.StringTest" name="trunc" time="0"/>
  <testcase classname="com.github.underscore.lodash.StringTest" name="words" time="0.001"/>
  <testcase classname="com.github.underscore.lodash.StringTest" name="testObjectArrayToString" time="0"/>
  <testcase classname="com.github.underscore.lodash.StringTest" name="testDecodeTrueFalse" time="0"/>
  <testcase classname="com.github.underscore.lodash.StringTest" name="toJsonFromXml10" time="0.005"/>
  <testcase classname="com.github.underscore.lodash.StringTest" name="toJsonFromXml11" time="0.005"/>
  <testcase classname="com.github.underscore.lodash.StringTest" name="toJsonFromXml12" time="0.001"/>
  <testcase classname="com.github.underscore.lodash.StringTest" name="toJsonFromXml13" time="0.002"/>
  <testcase classname="com.github.underscore.lodash.StringTest" name="toJsonFromXml14" time="0.015"/>
  <testcase classname="com.github.underscore.lodash.StringTest" name="toJsonFromXml15" time="0.015"/>
  <testcase classname="com.github.underscore.lodash.StringTest" name="toJsonFromXml16" time="0.01"/>
  <testcase classname="com.github.underscore.lodash.StringTest" name="toJsonFromXml17" time="0.008"/>
  <testcase classname="com.github.underscore.lodash.StringTest" name="toJsonFromXml18" time="0.004"/>
  <testcase classname="com.github.underscore.lodash.StringTest" name="toJsonFromXml19" time="0.005"/>
  <testcase classname="com.github.underscore.lodash.StringTest" name="testDecodeParseErr10" time="0"/>
  <testcase classname="com.github.underscore.lodash.StringTest" name="testDecodeParseErr11" time="0"/>
  <testcase classname="com.github.underscore.lodash.StringTest" name="testDecodeParseErr12" time="0"/>
  <testcase classname="com.github.underscore.lodash.StringTest" name="testDecodeParseErr13" time="0"/>
  <testcase classname="com.github.underscore.lodash.StringTest" name="testDecodeParseErr14" time="0"/>
  <testcase classname="com.github.underscore.lodash.StringTest" name="testJavaLongArrayToString" time="0"/>
  <testcase classname="com.github.underscore.lodash.StringTest" name="testJavaByteArrayToString" time="0.001"/>
  <testcase classname="com.github.underscore.lodash.StringTest" name="toJsonJavaFromMap" time="0"/>
  <testcase classname="com.github.underscore.lodash.StringTest" name="uncapitalize" time="0"/>
  <testcase classname="com.github.underscore.lodash.StringTest" name="testXmlArray" time="0.007"/>
  <testcase classname="com.github.underscore.lodash.StringTest" name="testDecodeSpecialCharacter" time="0.003"/>
  <testcase classname="com.github.underscore.lodash.StringTest" name="testXmlBooleanArrayToString" time="0.001"/>
  <testcase classname="com.github.underscore.lodash.StringTest" name="testJsonDecodeCyrillic" time="0.001"/>
  <testcase classname="com.github.underscore.lodash.StringTest" name="padStart" time="0"/>
  <testcase classname="com.github.underscore.lodash.StringTest" name="toJsonJavaFromList" time="0"/>
  <testcase classname="com.github.underscore.lodash.StringTest" name="fromXmlMakeArrays" time="0.004"/>
  <testcase classname="com.github.underscore.lodash.StringTest" name="testJavaCharArrayToString" time="0"/>
  <testcase classname="com.github.underscore.lodash.StringTest" name="testXmlArrayCollection" time="0.011"/>
  <testcase classname="com.github.underscore.lodash.StringTest" name="toJsonJavaString" time="0.001"/>
  <testcase classname="com.github.underscore.lodash.StringTest" name="toXmlFromMap" time="0"/>
  <testcase classname="com.github.underscore.lodash.StringTest" name="toJsonFromList" time="0"/>
  <testcase classname="com.github.underscore.lodash.StringTest" name="toJsonFromXml2" time="0.003"/>
  <testcase classname="com.github.underscore.lodash.StringTest" name="toJsonFromXml3" time="0.001"/>
  <testcase classname="com.github.underscore.lodash.StringTest" name="toJsonFromXml4" time="0.001"/>
  <testcase classname="com.github.underscore.lodash.StringTest" name="toJsonFromXml5" time="0.001"/>
  <testcase classname="com.github.underscore.lodash.StringTest" name="toJsonFromXml6" time="0.001"/>
  <testcase classname="com.github.underscore.lodash.StringTest" name="toJsonFromXml7" time="0.001"/>
  <testcase classname="com.github.underscore.lodash.StringTest" name="toJsonFromXml8" time="0"/>
  <testcase classname="com.github.underscore.lodash.StringTest" name="toJsonFromXml9" time="0.001"/>
  <testcase classname="com.github.underscore.lodash.StringTest" name="testDecode2" time="0"/>
  <testcase classname="com.github.underscore.lodash.StringTest" name="testDecode3" time="0"/>
  <testcase classname="com.github.underscore.lodash.StringTest" name="testDecodeMap" time="0.001"/>
  <testcase classname="com.github.underscore.lodash.StringTest" name="lowerFirst" time="0"/>
  <testcase classname="com.github.underscore.lodash.StringTest" name="escapeXml" time="0"/>
  <testcase classname="com.github.underscore.lodash.StringTest" name="testDecode" time="0"/>
  <testcase classname="com.github.underscore.lodash.StringTest" name="unescapeXml" time="0"/>
  <testcase classname="com.github.underscore.lodash.StringTest" name="testDecodeParseErr1" time="0"/>
  <testcase classname="com.github.underscore.lodash.StringTest" name="testDecodeParseErr2" time="0"/>
  <testcase classname="com.github.underscore.lodash.StringTest" name="testDecodeParseErr3" time="0"/>
  <testcase classname="com.github.underscore.lodash.StringTest" name="testDecodeParseErr4" time="0"/>
  <testcase classname="com.github.underscore.lodash.StringTest" name="testDecodeParseErr5" time="0"/>
  <testcase classname="com.github.underscore.lodash.StringTest" name="testDecodeParseErr6" time="0.001"/>
  <testcase classname="com.github.underscore.lodash.StringTest" name="testDecodeParseErr8" time="0"/>
  <testcase classname="com.github.underscore.lodash.StringTest" name="testDecodeParseErr9" time="0"/>
  <testcase classname="com.github.underscore.lodash.StringTest" name="testLongArrayToString" time="0"/>
  <testcase classname="com.github.underscore.lodash.StringTest" name="testByteArrayToString" time="0"/>
  <testcase classname="com.github.underscore.lodash.StringTest" name="toJsonFromMapFormatted" time="0"/>
  <testcase classname="com.github.underscore.lodash.StringTest" name="toXmlFromJson2" time="0.001"/>
  <testcase classname="com.github.underscore.lodash.StringTest" name="toXmlFromJson3" time="0"/>
  <testcase classname="com.github.underscore.lodash.StringTest" name="toXmlFromJson4" time="0"/>
  <testcase classname="com.github.underscore.lodash.StringTest" name="toXmlFromJson5" time="0"/>
  <testcase classname="com.github.underscore.lodash.StringTest" name="toXmlFromJson6" time="0"/>
  <testcase classname="com.github.underscore.lodash.StringTest" name="toXmlFromJson7" time="0"/>
  <testcase classname="com.github.underscore.lodash.StringTest" name="toXmlFromJson8" time="0"/>
  <testcase classname="com.github.underscore.lodash.StringTest" name="toXmlFromJson9" time="0.001"/>
  <testcase classname="com.github.underscore.lodash.StringTest" name="toJsonFromMap" time="0"/>
  <testcase classname="com.github.underscore.lodash.StringTest" name="toJsonFromXml" time="0.001"/>
  <testcase classname="com.github.underscore.lodash.StringTest" name="testDecodeUnicode" time="0"/>
  <testcase classname="com.github.underscore.lodash.StringTest" name="testJavaShortArrayToString" time="0.001"/>
  <testcase classname="com.github.underscore.lodash.StringTest" name="testShortArrayToString" time="0"/>
  <testcase classname="com.github.underscore.lodash.StringTest" name="testBooleanArrayToString" time="0"/>
  <testcase classname="com.github.underscore.lodash.StringTest" name="endsWith" time="0"/>
  <testcase classname="com.github.underscore.lodash.StringTest" name="testDecodeUnicode1" time="0"/>
  <testcase classname="com.github.underscore.lodash.StringTest" name="testDecodeUnicode2" time="0"/>
  <testcase classname="com.github.underscore.lodash.StringTest" name="testDecodeUnicode3" time="0"/>
  <testcase classname="com.github.underscore.lodash.StringTest" name="testJsonJavaArray" time="0.005"/>
  <testcase classname="com.github.underscore.lodash.StringTest" name="testCharArrayToString" time="0"/>
  <testcase classname="com.github.underscore.lodash.StringTest" name="testJavaIntArrayToString" time="0"/>
  <testcase classname="com.github.underscore.lodash.StringTest" name="testXmlLongArrayToString" time="0"/>
  <testcase classname="com.github.underscore.lodash.StringTest" name="testXmlByteArrayToString" time="0"/>
</testsuite>